<?xml version="1.0" encoding="UTF-8"?>
<testsuite xmlns:xsi="http://www.w3.org/2001/XMLSchema-instance" xsi:noNamespaceSchemaLocation="https://maven.apache.org/surefire/maven-surefire-plugin/xsd/surefire-test-report-3.0.xsd" version="3.0" name="org.example.service.UserServiceTest" time="2.447" tests="7" errors="0" skipped="0" failures="0">
  <properties>
[...]
</properties>
  <testcase name="shouldReturnUserWhenIdExists" classname="org.example.service.UserServiceTest" time="2.368">
    <system-out><![CDATA[14:28:04.142 [main] INFO org.example.services.UserService -- Se ha devuelto el usuario: org.example.model.User@76ff68c5
]]></system-out>
  </testcase>
  <testcase name="shouldThrowExceptionWhenIdExists" classname="org.example.service.UserServiceTest" time="0.022"/>
  <testcase name="shouldDeleteUserWhenIdExists" classname="org.example.service.UserServiceTest" time="0.003"/>
  <testcase name="shouldUpdateUserWhenIdExists" classname="org.example.service.UserServiceTest" time="0.003"/>
  <testcase name="shouldThrowExceptionWhenNoExists" classname="org.example.service.UserServiceTest" time="0.003"/>
  <testcase name="shouldSaveUserWhenUserNoExists" classname="org.example.service.UserServiceTest" time="0.004"/>
  <testcase name="shouldThrowExceptionWhenIdNoExists" classname="org.example.service.UserServiceTest" time="0.003"/>
</testsuite>